<?xml version="1.0" encoding="UTF-8"?>
<testng-results skipped="0" failed="1" total="3" passed="2">
  <reporter-output>
  </reporter-output>
  <suite name="Amazon" duration-ms="25150" started-at="2019-11-01T13:09:39Z" finished-at="2019-11-01T13:10:04Z">
    <groups>
    </groups>
    <test name="Smoke" duration-ms="25150" started-at="2019-11-01T13:09:39Z" finished-at="2019-11-01T13:10:04Z">
      <class name="BasicPackage.BaseClass">
        <test-method status="PASS" signature="LaunchAmazon()[pri:0, instance:BasicPackage.BaseClass@4cc0edeb]" name="LaunchAmazon" duration-ms="24824" started-at="2019-11-01T18:39:39Z" finished-at="2019-11-01T18:40:04Z">
          <reporter-output>
          </reporter-output>
        </test-method> <!-- LaunchAmazon -->
        <test-method status="FAIL" signature="getTitleAmazon()[pri:0, instance:BasicPackage.BaseClass@4cc0edeb]" name="getTitleAmazon" duration-ms="16" started-at="2019-11-01T18:40:04Z" finished-at="2019-11-01T18:40:04Z">
          <exception class="java.lang.AssertionError">
            <message>
              <![CDATA[expected [www.amazon.com] but found [Amazon.com: Online Shopping for Electronics, Apparel, Computers, Books, DVDs & more]]]>
            </message>
            <full-stacktrace>
              <![CDATA[java.lang.AssertionError: expected [www.amazon.com] but found [Amazon.com: Online Shopping for Electronics, Apparel, Computers, Books, DVDs & more]
	at org.testng.Assert.fail(Assert.java:94)
	at org.testng.Assert.failNotEquals(Assert.java:494)
	at org.testng.Assert.assertEquals(Assert.java:123)
	at org.testng.Assert.assertEquals(Assert.java:176)
	at org.testng.Assert.assertEquals(Assert.java:186)
	at BasicPackage.BaseClass.getTitleAmazon(BaseClass.java:61)
	at sun.reflect.NativeMethodAccessorImpl.invoke0(Native Method)
	at sun.reflect.NativeMethodAccessorImpl.invoke(NativeMethodAccessorImpl.java:62)
	at sun.reflect.DelegatingMethodAccessorImpl.invoke(DelegatingMethodAccessorImpl.java:43)
	at java.lang.reflect.Method.invoke(Method.java:483)
	at org.testng.internal.MethodInvocationHelper.invokeMethod(MethodInvocationHelper.java:80)
	at org.testng.internal.Invoker.invokeMethod(Invoker.java:714)
	at org.testng.internal.Invoker.invokeTestMethod(Invoker.java:901)
	at org.testng.internal.Invoker.invokeTestMethods(Invoker.java:1231)
	at org.testng.internal.TestMethodWorker.invokeTestMethods(TestMethodWorker.java:127)
	at org.testng.internal.TestMethodWorker.run(TestMethodWorker.java:111)
	at org.testng.TestRunner.privateRun(TestRunner.java:767)
	at org.testng.TestRunner.run(TestRunner.java:617)
	at org.testng.SuiteRunner.runTest(SuiteRunner.java:334)
	at org.testng.SuiteRunner.runSequentially(SuiteRunner.java:329)
	at org.testng.SuiteRunner.privateRun(SuiteRunner.java:291)
	at org.testng.SuiteRunner.run(SuiteRunner.java:240)
	at org.testng.SuiteRunnerWorker.runSuite(SuiteRunnerWorker.java:52)
	at org.testng.SuiteRunnerWorker.run(SuiteRunnerWorker.java:86)
	at org.testng.TestNG.runSuitesSequentially(TestNG.java:1198)
	at org.testng.TestNG.runSuitesLocally(TestNG.java:1123)
	at org.testng.TestNG.run(TestNG.java:1031)
	at org.apache.maven.surefire.testng.TestNGExecutor.run(TestNGExecutor.java:283)
	at org.apache.maven.surefire.testng.TestNGXmlTestSuite.execute(TestNGXmlTestSuite.java:75)
	at org.apache.maven.surefire.testng.TestNGProvider.invoke(TestNGProvider.java:120)
	at org.apache.maven.surefire.booter.ForkedBooter.invokeProviderInSameClassLoader(ForkedBooter.java:384)
	at org.apache.maven.surefire.booter.ForkedBooter.runSuitesInProcess(ForkedBooter.java:345)
	at org.apache.maven.surefire.booter.ForkedBooter.execute(ForkedBooter.java:126)
	at org.apache.maven.surefire.booter.ForkedBooter.main(ForkedBooter.java:418)
]]>
            </full-stacktrace>
          </exception> <!-- java.lang.AssertionError -->
          <reporter-output>
          </reporter-output>
        </test-method> <!-- getTitleAmazon -->
        <test-method status="PASS" signature="getCurrentUrlAmazon()[pri:0, instance:BasicPackage.BaseClass@4cc0edeb]" name="getCurrentUrlAmazon" duration-ms="37" started-at="2019-11-01T18:40:04Z" finished-at="2019-11-01T18:40:04Z">
          <reporter-output>
          </reporter-output>
        </test-method> <!-- getCurrentUrlAmazon -->
      </class> <!-- BasicPackage.BaseClass -->
    </test> <!-- Smoke -->
  </suite> <!-- Amazon -->
</testng-results>
